<?xml version="1.0" encoding="UTF-8"?>
<!-- Generated by org.testng.reporters.JUnitXMLReporter -->
<testsuite ignored="2" hostname="LakshmananSelva" failures="0" tests="5" name="Test1" time="52.271" errors="0" timestamp="2025-04-10T11:31:43 IST">
  <testcase classname="com.facilities.generic.admin.AddProduct" name="adminpage" time="15.578"/>
  <testcase classname="com.facilities.generic.admin.AddProduct" name="manageDetails" time="12.926"/>
  <testcase classname="com.facilities.generic.admin.AddProduct" name="manufacturerlogin" time="9.341"/>
  <testcase classname="com.facilities.generic.admin.Clickable" name="visible" time="3.019"/>
  <testcase classname="com.facilities.generic.admin.Clickable" name="visibles" time="1.891"/>
  <testcase classname="om.facilities.basetest.BaseClass" name="@AfterSuite configAS" time="0.0">
    <ignored/>
  </testcase> <!-- @AfterSuite configAS -->
  <testcase classname="om.facilities.basetest.BaseClass" name="@BeforeSuite configBS" time="0.0">
    <ignored/>
  </testcase> <!-- @BeforeSuite configBS -->
</testsuite> <!-- Test1 -->
