<?xml version="1.0" encoding="UTF-8"?>
<!-- Generated by org.testng.reporters.JUnitXMLReporter -->
<testsuite ignored="5" hostname="LakshmananSelva" failures="0" tests="2" name="Test" time="12.985" errors="0" timestamp="2025-04-10T12:56:04 IST">
  <testcase classname="com.facilities.generic.admin.Clickable" name="visible" time="4.703"/>
  <testcase classname="com.facilities.generic.admin.Clickable" name="visibles" time="1.893"/>
  <testcase classname="om.facilities.basetest.BaseClass" name="@AfterSuite configAS" time="0.0">
    <ignored/>
  </testcase> <!-- @AfterSuite configAS -->
  <testcase classname="com.facilities.generic.admin.AddProduct" name="adminpage" time="0.0">
    <ignored/>
  </testcase> <!-- adminpage -->
  <testcase classname="om.facilities.basetest.BaseClass" name="@BeforeSuite configBS" time="0.0">
    <ignored/>
  </testcase> <!-- @BeforeSuite configBS -->
  <testcase classname="com.facilities.generic.admin.AddProduct" name="manufacturerlogin" time="0.0">
    <ignored/>
  </testcase> <!-- manufacturerlogin -->
  <testcase classname="com.facilities.generic.admin.AddProduct" name="manageDetails" time="0.0">
    <ignored/>
  </testcase> <!-- manageDetails -->
</testsuite> <!-- Test -->
