<?xml version="1.0" encoding="UTF-8"?>
<!-- Generated by org.testng.reporters.JUnitXMLReporter -->
<testsuite ignored="2" hostname="LakshmananSelva" failures="0" tests="3" name="Test2" time="22.846" errors="0" timestamp="2025-04-10T15:20:16 IST">
  <testcase classname="com.facilities.generic.admin.Delete" name="deleteclass" time="5.81"/>
  <testcase classname="com.facilities.generic.admin.Retailer" name="Retailerclass" time="7.544"/>
  <testcase classname="com.facilities.generic.admin.Retailer" name="profile" time="2.243"/>
  <testcase classname="om.facilities.basetest.BaseClass" name="@AfterSuite configAS" time="0.0">
    <ignored/>
  </testcase> <!-- @AfterSuite configAS -->
  <testcase classname="om.facilities.basetest.BaseClass" name="@BeforeSuite configBS" time="0.0">
    <ignored/>
  </testcase> <!-- @BeforeSuite configBS -->
</testsuite> <!-- Test2 -->
