<?xml version="1.0" encoding="UTF-8"?>
<!-- Generated by org.testng.reporters.JUnitXMLReporter -->
<testsuite ignored="2" hostname="LakshmananSelva" failures="0" tests="1" name="Default test" time="30.014" errors="0" timestamp="2025-04-10T21:08:18 IST">
  <testcase classname="com.facilities.generic.admin.AddProduct" name="manageDetails" time="17.384"/>
  <testcase classname="com.facilities.generic.admin.AddProduct" name="adminpage" time="0.0">
    <ignored/>
  </testcase> <!-- adminpage -->
  <testcase classname="com.facilities.generic.admin.AddProduct" name="manufacturerlogin" time="0.0">
    <ignored/>
  </testcase> <!-- manufacturerlogin -->
</testsuite> <!-- Default test -->
