<?xml version="1.0" encoding="UTF-8"?>
<!-- Generated by org.testng.reporters.JUnitXMLReporter -->
<testsuite ignored="1" hostname="LakshmananSelva" failures="0" tests="1" name="Default test" time="20.042" errors="0" timestamp="2025-04-10T10:42:45 IST">
  <testcase classname="com.facilities.generic.admin.Retailer" name="Retailerclass" time="12.014"/>
  <testcase classname="com.facilities.generic.admin.Retailer" name="profile" time="0.0">
    <ignored/>
  </testcase> <!-- profile -->
</testsuite> <!-- Default test -->
