<?xml version="1.0" encoding="UTF-8"?>
<testng-results ignored="2" total="3" passed="1" failed="0" skipped="0">
  <reporter-output>
  </reporter-output>
  <suite started-at="2025-04-10T21:07:48 IST" name="Default suite" finished-at="2025-04-10T21:08:18 IST" duration-ms="30014">
    <groups>
      <group name="regressiontest">
        <method signature="AddProduct.manageDetails()[pri:0, instance:com.facilities.generic.admin.AddProduct@52719fb6]" name="manageDetails" class="com.facilities.generic.admin.AddProduct"/>
      </group> <!-- regressiontest -->
    </groups>
    <test started-at="2025-04-10T21:07:48 IST" name="Default test" finished-at="2025-04-10T21:08:18 IST" duration-ms="30014">
      <class name="com.facilities.generic.admin.AddProduct">
        <test-method is-config="true" signature="configBS()[pri:0, instance:com.facilities.generic.admin.AddProduct@52719fb6]" started-at="2025-04-10T21:07:48 IST" name="configBS" finished-at="2025-04-10T21:07:48 IST" duration-ms="57" status="PASS">
          <reporter-output>
          </reporter-output>
        </test-method> <!-- configBS -->
        <test-method is-config="true" signature="configBC(java.lang.String)[pri:0, instance:com.facilities.generic.admin.AddProduct@52719fb6]" started-at="2025-04-10T21:07:48 IST" name="configBC" finished-at="2025-04-10T21:07:58 IST" duration-ms="10260" status="PASS">
          <params>
            <param index="0">
              <value>
                <![CDATA[Chrome]]>
              </value>
            </param>
          </params>
          <reporter-output>
          </reporter-output>
        </test-method> <!-- configBC -->
        <test-method is-config="true" signature="configBM()[pri:0, instance:com.facilities.generic.admin.AddProduct@52719fb6]" started-at="2025-04-10T21:07:58 IST" name="configBM" finished-at="2025-04-10T21:07:58 IST" duration-ms="1" status="PASS">
          <reporter-output>
          </reporter-output>
        </test-method> <!-- configBM -->
        <test-method signature="manageDetails()[pri:0, instance:com.facilities.generic.admin.AddProduct@52719fb6]" started-at="2025-04-10T21:07:58 IST" name="manageDetails" finished-at="2025-04-10T21:08:16 IST" duration-ms="17384" status="PASS">
          <reporter-output>
          </reporter-output>
        </test-method> <!-- manageDetails -->
        <test-method is-config="true" signature="configAM()[pri:0, instance:com.facilities.generic.admin.AddProduct@52719fb6]" started-at="2025-04-10T21:08:16 IST" name="configAM" finished-at="2025-04-10T21:08:16 IST" duration-ms="2" status="PASS">
          <reporter-output>
          </reporter-output>
        </test-method> <!-- configAM -->
        <test-method is-config="true" signature="configAC()[pri:0, instance:com.facilities.generic.admin.AddProduct@52719fb6]" started-at="2025-04-10T21:08:16 IST" name="configAC" finished-at="2025-04-10T21:08:18 IST" duration-ms="2253" status="PASS">
          <reporter-output>
          </reporter-output>
        </test-method> <!-- configAC -->
        <test-method is-config="true" signature="configAS()[pri:0, instance:com.facilities.generic.admin.AddProduct@52719fb6]" started-at="2025-04-10T21:08:18 IST" name="configAS" finished-at="2025-04-10T21:08:18 IST" duration-ms="7" status="PASS">
          <reporter-output>
          </reporter-output>
        </test-method> <!-- configAS -->
      </class> <!-- com.facilities.generic.admin.AddProduct -->
    </test> <!-- Default test -->
  </suite> <!-- Default suite -->
</testng-results>
