<?xml version="1.0" encoding="UTF-8"?>
<testng-results ignored="0" total="8" passed="8" failed="0" skipped="0">
  <reporter-output>
  </reporter-output>
  <suite started-at="2025-04-10T11:30:51 IST" name="Suite" finished-at="2025-04-10T11:32:07 IST" duration-ms="75966">
    <groups>
      <group name="regressiontest">
        <method signature="AddProduct.adminpage()[pri:0, instance:com.facilities.generic.admin.AddProduct@7e057f43]" name="adminpage" class="com.facilities.generic.admin.AddProduct"/>
        <method signature="AddProduct.manageDetails()[pri:0, instance:com.facilities.generic.admin.AddProduct@7e057f43]" name="manageDetails" class="com.facilities.generic.admin.AddProduct"/>
        <method signature="AddProduct.manufacturerlogin()[pri:0, instance:com.facilities.generic.admin.AddProduct@7e057f43]" name="manufacturerlogin" class="com.facilities.generic.admin.AddProduct"/>
        <method signature="Delete.deleteclass()[pri:0, instance:com.facilities.generic.admin.Delete@2a8448fa]" name="deleteclass" class="com.facilities.generic.admin.Delete"/>
        <method signature="Retailer.Retailerclass()[pri:0, instance:com.facilities.generic.admin.Retailer@6f204a1a]" name="Retailerclass" class="com.facilities.generic.admin.Retailer"/>
        <method signature="Retailer.profile()[pri:0, instance:com.facilities.generic.admin.Retailer@6f204a1a]" name="profile" class="com.facilities.generic.admin.Retailer"/>
      </group> <!-- regressiontest -->
      <group name="smoketest">
        <method signature="Clickable.visible()[pri:0, instance:com.facilities.generic.admin.Clickable@7c137fd5]" name="visible" class="com.facilities.generic.admin.Clickable"/>
        <method signature="Clickable.visibles()[pri:0, instance:com.facilities.generic.admin.Clickable@7c137fd5]" name="visibles" class="com.facilities.generic.admin.Clickable"/>
      </group> <!-- smoketest -->
    </groups>
    <test started-at="2025-04-10T11:30:51 IST" name="Test1" finished-at="2025-04-10T11:31:43 IST" duration-ms="52271">
      <class name="com.facilities.generic.admin.AddProduct">
        <test-method is-config="true" signature="configBC(java.lang.String)[pri:0, instance:com.facilities.generic.admin.AddProduct@7e057f43]" started-at="2025-04-10T11:30:51 IST" name="configBC" finished-at="2025-04-10T11:30:55 IST" duration-ms="4803" status="PASS">
          <params>
            <param index="0">
              <value>
                <![CDATA[Chrome]]>
              </value>
            </param>
          </params>
          <reporter-output>
          </reporter-output>
        </test-method> <!-- configBC -->
        <test-method is-config="true" signature="configBM()[pri:0, instance:com.facilities.generic.admin.AddProduct@7e057f43]" started-at="2025-04-10T11:30:56 IST" name="configBM" finished-at="2025-04-10T11:30:56 IST" duration-ms="2" status="PASS">
          <reporter-output>
          </reporter-output>
        </test-method> <!-- configBM -->
        <test-method signature="adminpage()[pri:0, instance:com.facilities.generic.admin.AddProduct@7e057f43]" started-at="2025-04-10T11:30:56 IST" name="adminpage" finished-at="2025-04-10T11:31:11 IST" duration-ms="15578" status="PASS">
          <reporter-output>
          </reporter-output>
        </test-method> <!-- adminpage -->
        <test-method is-config="true" signature="configAM()[pri:0, instance:com.facilities.generic.admin.AddProduct@7e057f43]" started-at="2025-04-10T11:31:11 IST" name="configAM" finished-at="2025-04-10T11:31:11 IST" duration-ms="1" status="PASS">
          <reporter-output>
          </reporter-output>
        </test-method> <!-- configAM -->
        <test-method is-config="true" signature="configBM()[pri:0, instance:com.facilities.generic.admin.AddProduct@7e057f43]" started-at="2025-04-10T11:31:11 IST" name="configBM" finished-at="2025-04-10T11:31:11 IST" duration-ms="0" status="PASS">
          <reporter-output>
          </reporter-output>
        </test-method> <!-- configBM -->
        <test-method signature="manageDetails()[pri:0, instance:com.facilities.generic.admin.AddProduct@7e057f43]" started-at="2025-04-10T11:31:11 IST" name="manageDetails" finished-at="2025-04-10T11:31:24 IST" duration-ms="12926" status="PASS">
          <reporter-output>
          </reporter-output>
        </test-method> <!-- manageDetails -->
        <test-method is-config="true" signature="configAM()[pri:0, instance:com.facilities.generic.admin.AddProduct@7e057f43]" started-at="2025-04-10T11:31:24 IST" name="configAM" finished-at="2025-04-10T11:31:24 IST" duration-ms="1" status="PASS">
          <reporter-output>
          </reporter-output>
        </test-method> <!-- configAM -->
        <test-method is-config="true" signature="configBM()[pri:0, instance:com.facilities.generic.admin.AddProduct@7e057f43]" started-at="2025-04-10T11:31:24 IST" name="configBM" finished-at="2025-04-10T11:31:24 IST" duration-ms="2" status="PASS">
          <reporter-output>
          </reporter-output>
        </test-method> <!-- configBM -->
        <test-method signature="manufacturerlogin()[pri:0, instance:com.facilities.generic.admin.AddProduct@7e057f43]" started-at="2025-04-10T11:31:24 IST" name="manufacturerlogin" finished-at="2025-04-10T11:31:33 IST" duration-ms="9341" status="PASS">
          <reporter-output>
          </reporter-output>
        </test-method> <!-- manufacturerlogin -->
        <test-method is-config="true" signature="configAM()[pri:0, instance:com.facilities.generic.admin.AddProduct@7e057f43]" started-at="2025-04-10T11:31:33 IST" name="configAM" finished-at="2025-04-10T11:31:33 IST" duration-ms="3" status="PASS">
          <reporter-output>
          </reporter-output>
        </test-method> <!-- configAM -->
        <test-method is-config="true" signature="configAC()[pri:0, instance:com.facilities.generic.admin.AddProduct@7e057f43]" started-at="2025-04-10T11:31:33 IST" name="configAC" finished-at="2025-04-10T11:31:34 IST" duration-ms="900" status="PASS">
          <reporter-output>
          </reporter-output>
        </test-method> <!-- configAC -->
      </class> <!-- com.facilities.generic.admin.AddProduct -->
      <class name="com.facilities.generic.admin.Clickable">
        <test-method is-config="true" signature="configBC(java.lang.String)[pri:0, instance:com.facilities.generic.admin.Clickable@7c137fd5]" started-at="2025-04-10T11:31:34 IST" name="configBC" finished-at="2025-04-10T11:31:37 IST" duration-ms="3148" status="PASS">
          <params>
            <param index="0">
              <value>
                <![CDATA[Chrome]]>
              </value>
            </param>
          </params>
          <reporter-output>
          </reporter-output>
        </test-method> <!-- configBC -->
        <test-method is-config="true" signature="configBM()[pri:0, instance:com.facilities.generic.admin.Clickable@7c137fd5]" started-at="2025-04-10T11:31:37 IST" name="configBM" finished-at="2025-04-10T11:31:37 IST" duration-ms="1" status="PASS">
          <reporter-output>
          </reporter-output>
        </test-method> <!-- configBM -->
        <test-method signature="visible()[pri:0, instance:com.facilities.generic.admin.Clickable@7c137fd5]" started-at="2025-04-10T11:31:37 IST" name="visible" finished-at="2025-04-10T11:31:41 IST" duration-ms="3019" status="PASS">
          <reporter-output>
          </reporter-output>
        </test-method> <!-- visible -->
        <test-method is-config="true" signature="configAM()[pri:0, instance:com.facilities.generic.admin.Clickable@7c137fd5]" started-at="2025-04-10T11:31:41 IST" name="configAM" finished-at="2025-04-10T11:31:41 IST" duration-ms="4" status="PASS">
          <reporter-output>
          </reporter-output>
        </test-method> <!-- configAM -->
        <test-method is-config="true" signature="configBM()[pri:0, instance:com.facilities.generic.admin.Clickable@7c137fd5]" started-at="2025-04-10T11:31:41 IST" name="configBM" finished-at="2025-04-10T11:31:41 IST" duration-ms="2" status="PASS">
          <reporter-output>
          </reporter-output>
        </test-method> <!-- configBM -->
        <test-method signature="visibles()[pri:0, instance:com.facilities.generic.admin.Clickable@7c137fd5]" started-at="2025-04-10T11:31:41 IST" name="visibles" finished-at="2025-04-10T11:31:42 IST" duration-ms="1891" status="PASS">
          <reporter-output>
          </reporter-output>
        </test-method> <!-- visibles -->
        <test-method is-config="true" signature="configAM()[pri:0, instance:com.facilities.generic.admin.Clickable@7c137fd5]" started-at="2025-04-10T11:31:42 IST" name="configAM" finished-at="2025-04-10T11:31:42 IST" duration-ms="18" status="PASS">
          <reporter-output>
          </reporter-output>
        </test-method> <!-- configAM -->
        <test-method is-config="true" signature="configAC()[pri:0, instance:com.facilities.generic.admin.Clickable@7c137fd5]" started-at="2025-04-10T11:31:42 IST" name="configAC" finished-at="2025-04-10T11:31:43 IST" duration-ms="417" status="PASS">
          <reporter-output>
          </reporter-output>
        </test-method> <!-- configAC -->
      </class> <!-- com.facilities.generic.admin.Clickable -->
    </test> <!-- Test1 -->
    <test started-at="2025-04-10T11:31:43 IST" name="Test2" finished-at="2025-04-10T11:32:07 IST" duration-ms="23640">
      <class name="com.facilities.generic.admin.Retailer">
        <test-method is-config="true" signature="configBC(java.lang.String)[pri:0, instance:com.facilities.generic.admin.Retailer@6f204a1a]" started-at="2025-04-10T11:31:52 IST" name="configBC" finished-at="2025-04-10T11:31:55 IST" duration-ms="3177" status="PASS">
          <params>
            <param index="0">
              <value>
                <![CDATA[Chrome]]>
              </value>
            </param>
          </params>
          <reporter-output>
          </reporter-output>
        </test-method> <!-- configBC -->
        <test-method is-config="true" signature="configBM()[pri:0, instance:com.facilities.generic.admin.Retailer@6f204a1a]" started-at="2025-04-10T11:31:55 IST" name="configBM" finished-at="2025-04-10T11:31:55 IST" duration-ms="2" status="PASS">
          <reporter-output>
          </reporter-output>
        </test-method> <!-- configBM -->
        <test-method signature="Retailerclass()[pri:0, instance:com.facilities.generic.admin.Retailer@6f204a1a]" started-at="2025-04-10T11:31:55 IST" name="Retailerclass" finished-at="2025-04-10T11:32:04 IST" duration-ms="8207" status="PASS">
          <reporter-output>
          </reporter-output>
        </test-method> <!-- Retailerclass -->
        <test-method is-config="true" signature="configAM()[pri:0, instance:com.facilities.generic.admin.Retailer@6f204a1a]" started-at="2025-04-10T11:32:04 IST" name="configAM" finished-at="2025-04-10T11:32:04 IST" duration-ms="1" status="PASS">
          <reporter-output>
          </reporter-output>
        </test-method> <!-- configAM -->
        <test-method is-config="true" signature="configBM()[pri:0, instance:com.facilities.generic.admin.Retailer@6f204a1a]" started-at="2025-04-10T11:32:04 IST" name="configBM" finished-at="2025-04-10T11:32:04 IST" duration-ms="1" status="PASS">
          <reporter-output>
          </reporter-output>
        </test-method> <!-- configBM -->
        <test-method signature="profile()[pri:0, instance:com.facilities.generic.admin.Retailer@6f204a1a]" started-at="2025-04-10T11:32:04 IST" name="profile" finished-at="2025-04-10T11:32:06 IST" duration-ms="2458" status="PASS">
          <reporter-output>
          </reporter-output>
        </test-method> <!-- profile -->
        <test-method is-config="true" signature="configAM()[pri:0, instance:com.facilities.generic.admin.Retailer@6f204a1a]" started-at="2025-04-10T11:32:06 IST" name="configAM" finished-at="2025-04-10T11:32:06 IST" duration-ms="1" status="PASS">
          <reporter-output>
          </reporter-output>
        </test-method> <!-- configAM -->
        <test-method is-config="true" signature="configAC()[pri:0, instance:com.facilities.generic.admin.Retailer@6f204a1a]" started-at="2025-04-10T11:32:06 IST" name="configAC" finished-at="2025-04-10T11:32:07 IST" duration-ms="504" status="PASS">
          <reporter-output>
          </reporter-output>
        </test-method> <!-- configAC -->
      </class> <!-- com.facilities.generic.admin.Retailer -->
      <class name="com.facilities.generic.admin.Delete">
        <test-method is-config="true" signature="configBS()[pri:0, instance:com.facilities.generic.admin.Delete@2a8448fa]" started-at="2025-04-10T11:30:51 IST" name="configBS" finished-at="2025-04-10T11:30:51 IST" duration-ms="21" status="PASS">
          <reporter-output>
          </reporter-output>
        </test-method> <!-- configBS -->
        <test-method is-config="true" signature="configBC(java.lang.String)[pri:0, instance:com.facilities.generic.admin.Delete@2a8448fa]" started-at="2025-04-10T11:31:43 IST" name="configBC" finished-at="2025-04-10T11:31:46 IST" duration-ms="3132" status="PASS">
          <params>
            <param index="0">
              <value>
                <![CDATA[Chrome]]>
              </value>
            </param>
          </params>
          <reporter-output>
          </reporter-output>
        </test-method> <!-- configBC -->
        <test-method signature="deleteclass()[pri:0, instance:com.facilities.generic.admin.Delete@2a8448fa]" started-at="2025-04-10T11:31:46 IST" name="deleteclass" finished-at="2025-04-10T11:31:52 IST" duration-ms="5658" status="PASS">
          <reporter-output>
          </reporter-output>
        </test-method> <!-- deleteclass -->
        <test-method is-config="true" signature="configBM()[pri:0, instance:com.facilities.generic.admin.Delete@2a8448fa]" started-at="2025-04-10T11:31:46 IST" name="configBM" finished-at="2025-04-10T11:31:46 IST" duration-ms="0" status="PASS">
          <reporter-output>
          </reporter-output>
        </test-method> <!-- configBM -->
        <test-method is-config="true" signature="configAM()[pri:0, instance:com.facilities.generic.admin.Delete@2a8448fa]" started-at="2025-04-10T11:31:52 IST" name="configAM" finished-at="2025-04-10T11:31:52 IST" duration-ms="0" status="PASS">
          <reporter-output>
          </reporter-output>
        </test-method> <!-- configAM -->
        <test-method is-config="true" signature="configAC()[pri:0, instance:com.facilities.generic.admin.Delete@2a8448fa]" started-at="2025-04-10T11:31:52 IST" name="configAC" finished-at="2025-04-10T11:31:52 IST" duration-ms="424" status="PASS">
          <reporter-output>
          </reporter-output>
        </test-method> <!-- configAC -->
        <test-method is-config="true" signature="configAS()[pri:0, instance:com.facilities.generic.admin.Delete@2a8448fa]" started-at="2025-04-10T11:32:07 IST" name="configAS" finished-at="2025-04-10T11:32:07 IST" duration-ms="2" status="PASS">
          <reporter-output>
          </reporter-output>
        </test-method> <!-- configAS -->
      </class> <!-- com.facilities.generic.admin.Delete -->
    </test> <!-- Test2 -->
  </suite> <!-- Suite -->
</testng-results>
